[debug] [2024-02-12T19:07:53.835Z] ----------------------------------------------------------------------
[debug] [2024-02-12T19:07:53.853Z] Command:       C:\Program Files\nodejs\node.exe C:\Users\julih\AppData\Roaming\npm\node_modules\firebase-tools\lib\bin\firebase.js init
[debug] [2024-02-12T19:07:53.853Z] CLI Version:   13.2.1
[debug] [2024-02-12T19:07:53.853Z] Platform:      win32
[debug] [2024-02-12T19:07:53.854Z] Node Version:  v20.9.0
[debug] [2024-02-12T19:07:53.854Z] Time:          Mon Feb 12 2024 14:07:53 GMT-0500 (hora estándar oriental)
[debug] [2024-02-12T19:07:53.854Z] ----------------------------------------------------------------------
[debug] 
[debug] [2024-02-12T19:07:53.873Z] > command requires scopes: ["email","openid","https://www.googleapis.com/auth/cloudplatformprojects.readonly","https://www.googleapis.com/auth/firebase","https://www.googleapis.com/auth/cloud-platform"]
[debug] [2024-02-12T19:07:53.873Z] > authorizing via signed-in user (julihernan95@gmail.com)
[info] 
     ######## #### ########  ######## ########     ###     ######  ########
     ##        ##  ##     ## ##       ##     ##  ##   ##  ##       ##
     ######    ##  ########  ######   ########  #########  ######  ######
     ##        ##  ##    ##  ##       ##     ## ##     ##       ## ##
     ##       #### ##     ## ######## ########  ##     ##  ######  ########

You're about to initialize a Firebase project in this directory:

  C:\Users\julih\Desktop\pagina web de pao

[info] 
=== Project Setup
[info] 
[info] First, let's associate this project directory with a Firebase project.
[info] You can create multiple project aliases by running firebase use --add, 
[info] but for now we'll just set up a default project.
[info] 
[debug] [2024-02-12T19:08:12.895Z] > refreshing access token with scopes: []
[debug] [2024-02-12T19:08:12.899Z] >>> [apiv2][query] POST https://www.googleapis.com/oauth2/v3/token [none]
[debug] [2024-02-12T19:08:12.899Z] >>> [apiv2][body] POST https://www.googleapis.com/oauth2/v3/token [omitted]
[debug] [2024-02-12T19:08:13.428Z] <<< [apiv2][status] POST https://www.googleapis.com/oauth2/v3/token 200
[debug] [2024-02-12T19:08:13.429Z] <<< [apiv2][body] POST https://www.googleapis.com/oauth2/v3/token [omitted]
[debug] [2024-02-12T19:08:13.440Z] >>> [apiv2][query] GET https://firebase.googleapis.com/v1beta1/projects pageSize=100
[debug] [2024-02-12T19:08:14.013Z] <<< [apiv2][status] GET https://firebase.googleapis.com/v1beta1/projects 200
[debug] [2024-02-12T19:08:14.013Z] <<< [apiv2][body] GET https://firebase.googleapis.com/v1beta1/projects [omitted]
[debug] [2024-02-12T19:10:50.378Z] ----------------------------------------------------------------------
[debug] [2024-02-12T19:10:50.382Z] Command:       C:\Program Files\nodejs\node.exe C:\Users\julih\AppData\Roaming\npm\node_modules\firebase-tools\lib\bin\firebase.js init
[debug] [2024-02-12T19:10:50.383Z] CLI Version:   13.2.1
[debug] [2024-02-12T19:10:50.384Z] Platform:      win32
[debug] [2024-02-12T19:10:50.384Z] Node Version:  v20.9.0
[debug] [2024-02-12T19:10:50.384Z] Time:          Mon Feb 12 2024 14:10:50 GMT-0500 (hora estándar oriental)
[debug] [2024-02-12T19:10:50.385Z] ----------------------------------------------------------------------
[debug] 
[debug] [2024-02-12T19:10:50.394Z] > command requires scopes: ["email","openid","https://www.googleapis.com/auth/cloudplatformprojects.readonly","https://www.googleapis.com/auth/firebase","https://www.googleapis.com/auth/cloud-platform"]
[debug] [2024-02-12T19:10:50.394Z] > authorizing via signed-in user (julihernan95@gmail.com)
[info] 
     ######## #### ########  ######## ########     ###     ######  ########
     ##        ##  ##     ## ##       ##     ##  ##   ##  ##       ##
     ######    ##  ########  ######   ########  #########  ######  ######
     ##        ##  ##    ##  ##       ##     ## ##     ##       ## ##
     ##       #### ##     ## ######## ########  ##     ##  ######  ########

You're about to initialize a Firebase project in this directory:

  C:\Users\julih\Desktop\pagina web de pao

[info] 
=== Project Setup
[info] 
[info] First, let's associate this project directory with a Firebase project.
[info] You can create multiple project aliases by running firebase use --add, 
[info] but for now we'll just set up a default project.
[info] 
[debug] [2024-02-12T19:10:59.361Z] >>> [apiv2][query] GET https://firebase.googleapis.com/v1beta1/projects pageSize=100
[debug] [2024-02-12T19:10:59.971Z] <<< [apiv2][status] GET https://firebase.googleapis.com/v1beta1/projects 200
[debug] [2024-02-12T19:10:59.971Z] <<< [apiv2][body] GET https://firebase.googleapis.com/v1beta1/projects [omitted]
[info] i  Using project matematicas-2e4e4 (matematicas) 
[info] 
=== Hosting Setup
[debug] [2024-02-12T19:11:02.620Z] >>> [apiv2][query] GET https://firebase.googleapis.com/v1beta1/projects/matematicas-2e4e4 [none]
[debug] [2024-02-12T19:11:02.846Z] <<< [apiv2][status] GET https://firebase.googleapis.com/v1beta1/projects/matematicas-2e4e4 200
[debug] [2024-02-12T19:11:02.847Z] <<< [apiv2][body] GET https://firebase.googleapis.com/v1beta1/projects/matematicas-2e4e4 {"projectId":"matematicas-2e4e4","projectNumber":"795172186578","displayName":"matematicas","name":"projects/matematicas-2e4e4","resources":{"hostingSite":"matematicas-2e4e4"},"state":"ACTIVE","etag":"1_d66c8f2e-0173-4508-984c-fda8ff4b760c"}
[info] 
[info] Your public directory is the folder (relative to your project directory) that
[info] will contain Hosting assets to be uploaded with firebase deploy. If you
[info] have a build process for your assets, use your build's output directory.
[info] 
[debug] [2024-02-12T19:11:12.106Z] >>> [apiv2][query] GET https://www.gstatic.com/firebasejs/releases.json [none]
[debug] [2024-02-12T19:11:12.709Z] <<< [apiv2][status] GET https://www.gstatic.com/firebasejs/releases.json 200
[debug] [2024-02-12T19:11:12.709Z] <<< [apiv2][body] GET https://www.gstatic.com/firebasejs/releases.json {"current":{"version":"10.8.0","browserURL":"https://www.gstatic.com/firebasejs/10.8.0/firebase.js","packageURL":"https://www.gstatic.com/firebasejs/10.8.0/firebase.tgz"},"live":{"version":"10.8","browserURL":"https://www.gstatic.com/firebasejs/live/10.8/firebase.js","packageURL":"https://www.gstatic.com/firebasejs/live/10.8/firebase.tgz"},"components":{"analytics":"https://www.gstatic.com/firebasejs/10.8.0/firebase-analytics.js","app":"https://www.gstatic.com/firebasejs/10.8.0/firebase-app.js","app-check":"https://www.gstatic.com/firebasejs/10.8.0/firebase-app-check.js","auth":"https://www.gstatic.com/firebasejs/10.8.0/firebase-auth.js","auth/cordova":"https://www.gstatic.com/firebasejs/10.8.0/firebase-auth/cordova.js","auth/web-extension":"https://www.gstatic.com/firebasejs/10.8.0/firebase-auth/web-extension.js","functions":"https://www.gstatic.com/firebasejs/10.8.0/firebase-functions.js","firestore":"https://www.gstatic.com/firebasejs/10.8.0/firebase-firestore.js","firestore/lite":"https://www.gstatic.com/firebasejs/10.8.0/firebase-firestore/lite.js","installations":"https://www.gstatic.com/firebasejs/10.8.0/firebase-installations.js","storage":"https://www.gstatic.com/firebasejs/10.8.0/firebase-storage.js","performance":"https://www.gstatic.com/firebasejs/10.8.0/firebase-performance.js","remote-config":"https://www.gstatic.com/firebasejs/10.8.0/firebase-remote-config.js","messaging":"https://www.gstatic.com/firebasejs/10.8.0/firebase-messaging.js","messaging/sw":"https://www.gstatic.com/firebasejs/10.8.0/firebase-messaging/sw.js","database":"https://www.gstatic.com/firebasejs/10.8.0/firebase-database.js","firestore.memory":"https://www.gstatic.com/firebasejs/10.8.0/firebase-firestore.memory.js"}}
[info] +  Wrote public/index.html 
[info] 
[info] i  Didn't detect a .git folder. Assuming C:\Users\julih\Desktop\pagina web de pao is the project root. 
[info] i  Authorizing with GitHub to upload your service account to a GitHub repository's secrets store. 
[info] 
[info] Visit this URL on this device to log in:
[info] https://github.com/login/oauth/authorize?client_id=89cf50f02ac6aaed3484&state=691809958&redirect_uri=http%3A%2F%2Flocalhost%3A9005&scope=read%3Auser%20repo%20public_repo
[info] 
[info] Waiting for authentication...
